
The following have been reloaded with a version change:
  1) cuda/12.4.1 => cuda/12.8.0

CPU Information:
Processor: x86_64
Architecture: ('64bit', 'ELF')
System: Linux
Platform: Linux-4.18.0-553.47.1.el8_10.x86_64-x86_64-with-glibc2.28
Total memory (GB): 2015.68
Total size 1003.45984MB, MB per sample 0.01957
Batches per GB 103
Processed 1 GB.
Processed 2 GB.
Processed 3 GB.
Processed 4 GB.
Processed 5 GB.
Processed 6 GB.
Processed 7 GB.
Processed 8 GB.
Processed 9 GB.
Processed 10 GB.
Processed 11 GB.
Processed 12 GB.
Processed 13 GB.
Processed 14 GB.
Processed 15 GB.
Processed 16 GB.
Processed 17 GB.
Processed 18 GB.
Processed 19 GB.
Processed 20 GB.
Processed 21 GB.
Processed 22 GB.
Processed 23 GB.
Processed 24 GB.
Processed 25 GB.
Processed 26 GB.
Processed 27 GB.
Processed 28 GB.
Processed 29 GB.
Processed 30 GB.
Processed 31 GB.
Processed 32 GB.
Processed 33 GB.
Processed 34 GB.
Processed 35 GB.
Processed 36 GB.
Processed 37 GB.
Processed 38 GB.
Processed 39 GB.
Processed 40 GB.
Processed 41 GB.
Processed 42 GB.
Processed 43 GB.
Processed 44 GB.
Processed 45 GB.
Processed 46 GB.
Processed 47 GB.
Processed 48 GB.
Processed 49 GB.
Processed 50 GB.
Processed 51 GB.
Processed 52 GB.
Processed 53 GB.
Processed 54 GB.
Processed 55 GB.
Processed 56 GB.
Processed 57 GB.
Processed 58 GB.
Processed 59 GB.
Processed 60 GB.
Processed 61 GB.
Processed 62 GB.
Processed 63 GB.
Processed 64 GB.
Processed 65 GB.
Processed 66 GB.
Processed 67 GB.
Processed 68 GB.
Processed 69 GB.
Processed 70 GB.
Processed 71 GB.
Processed 72 GB.
Processed 73 GB.
Processed 74 GB.
Processed 75 GB.
Processed 76 GB.
Processed 77 GB.
Processed 78 GB.
Processed 79 GB.
Processed 80 GB.
Processed 81 GB.
Processed 82 GB.
Processed 83 GB.
Processed 84 GB.
Processed 85 GB.
Processed 86 GB.
Processed 87 GB.
Processed 88 GB.
Processed 89 GB.
Processed 90 GB.
Processed 91 GB.
Processed 92 GB.
Processed 93 GB.
Processed 94 GB.
Processed 95 GB.
Processed 96 GB.
Processed 97 GB.
Processed 98 GB.
Processed 99 GB.
Processed 100 GB.
Processed 101 GB.
Processed 102 GB.
Processed 103 GB.
Processed 104 GB.
Processed 105 GB.
Processed 106 GB.
Processed 107 GB.
Processed 108 GB.
Processed 109 GB.
Processed 110 GB.
Processed 111 GB.
Processed 112 GB.
Processed 113 GB.
Processed 114 GB.
Processed 115 GB.
Processed 116 GB.
Processed 117 GB.
Processed 118 GB.
Processed 119 GB.
Processed 120 GB.
Processed 121 GB.
Processed 122 GB.
Processed 123 GB.
Processed 124 GB.
Processed 125 GB.
Processed 126 GB.
Processed 127 GB.
Processed 128 GB.
Processed 129 GB.
Processed 130 GB.
Processed 131 GB.
Processed 132 GB.
Processed 133 GB.
Processed 134 GB.
Processed 135 GB.
Processed 136 GB.
Processed 137 GB.
Processed 138 GB.
Processed 139 GB.
Processed 140 GB.
Processed 141 GB.
Processed 142 GB.
Processed 143 GB.
Processed 144 GB.
Processed 145 GB.
Processed 146 GB.
Processed 147 GB.
Processed 148 GB.
Processed 149 GB.
Processed 150 GB.
Processed 151 GB.
Processed 152 GB.
Processed 153 GB.
Processed 154 GB.
Processed 155 GB.
Processed 156 GB.
Processed 157 GB.
Processed 158 GB.
Processed 159 GB.
Processed 160 GB.
Processed 161 GB.
Processed 162 GB.
Processed 163 GB.
Processed 164 GB.
Processed 165 GB.
Processed 166 GB.
Processed 167 GB.
Processed 168 GB.
Processed 169 GB.
Processed 170 GB.
Processed 171 GB.
Processed 172 GB.
Processed 173 GB.
Processed 174 GB.
Processed 175 GB.
Processed 176 GB.
Processed 177 GB.
Processed 178 GB.
Processed 179 GB.
Processed 180 GB.
Processed 181 GB.
Processed 182 GB.
Processed 183 GB.
Processed 184 GB.
Processed 185 GB.
Processed 186 GB.
Processed 187 GB.
Processed 188 GB.
Processed 189 GB.
Processed 190 GB.
Processed 191 GB.
Processed 192 GB.
Processed 193 GB.
Processed 194 GB.
Processed 195 GB.
Processed 196 GB.
Processed 197 GB.
Processed 198 GB.
Processed 199 GB.
Processed 200 GB.
Processed 201 GB.
Processed 202 GB.
Processed 203 GB.
Processed 204 GB.
Processed 205 GB.
Processed 206 GB.
Processed 207 GB.
Processed 208 GB.
Processed 209 GB.
Processed 210 GB.
Processed 211 GB.
Processed 212 GB.
Processed 213 GB.
Processed 214 GB.
Processed 215 GB.
Processed 216 GB.
Processed 217 GB.
Processed 218 GB.
Processed 219 GB.
Processed 220 GB.
Processed 221 GB.
Processed 222 GB.
Processed 223 GB.
Processed 224 GB.
Processed 225 GB.
Processed 226 GB.
Processed 227 GB.
Processed 228 GB.
Processed 229 GB.
Processed 230 GB.
Processed 231 GB.
Processed 232 GB.
Processed 233 GB.
Processed 234 GB.
Processed 235 GB.
Processed 236 GB.
Processed 237 GB.
Processed 238 GB.
Processed 239 GB.
Processed 240 GB.
Processed 241 GB.
Processed 242 GB.
Processed 243 GB.
Processed 244 GB.
Processed 245 GB.
Processed 246 GB.
Processed 247 GB.
Processed 248 GB.
Processed 249 GB.
Processed 250 GB.
Processed 251 GB.
Processed 252 GB.
Processed 253 GB.
Processed 254 GB.
Processed 255 GB.
Processed 256 GB.
Processed 257 GB.
Processed 258 GB.
Processed 259 GB.
Processed 260 GB.
Processed 261 GB.
Processed 262 GB.
Processed 263 GB.
Processed 264 GB.
Processed 265 GB.
Processed 266 GB.
Processed 267 GB.
Processed 268 GB.
Processed 269 GB.
Processed 270 GB.
Processed 271 GB.
Processed 272 GB.
Processed 273 GB.
Processed 274 GB.
Processed 275 GB.
Processed 276 GB.
Processed 277 GB.
Processed 278 GB.
Processed 279 GB.
Processed 280 GB.
Processed 281 GB.
Processed 282 GB.
Processed 283 GB.
Processed 284 GB.
Processed 285 GB.
Processed 286 GB.
Processed 287 GB.
Processed 288 GB.
Processed 289 GB.
Processed 290 GB.
Processed 291 GB.
Processed 292 GB.
Processed 293 GB.
Processed 294 GB.
Processed 295 GB.
Processed 296 GB.
Processed 297 GB.
Processed 298 GB.
Processed 299 GB.
Processed 300 GB.
Processed 301 GB.
Processed 302 GB.
Processed 303 GB.
Processed 304 GB.
Processed 305 GB.
Processed 306 GB.
Processed 307 GB.
Processed 308 GB.
Processed 309 GB.
Processed 310 GB.
Processed 311 GB.
Processed 312 GB.
Processed 313 GB.
Processed 314 GB.
Processed 315 GB.
Processed 316 GB.
Processed 317 GB.
Processed 318 GB.
Processed 319 GB.
Processed 320 GB.
Processed 321 GB.
Processed 322 GB.
Processed 323 GB.
Processed 324 GB.
Processed 325 GB.
Processed 326 GB.
Processed 327 GB.
Processed 328 GB.
Processed 329 GB.
Processed 330 GB.
Processed 331 GB.
Processed 332 GB.
Processed 333 GB.
Processed 334 GB.
Processed 335 GB.
Processed 336 GB.
Processed 337 GB.
Processed 338 GB.
Processed 339 GB.
Processed 340 GB.
Processed 341 GB.
Processed 342 GB.
Processed 343 GB.
Processed 344 GB.
Processed 345 GB.
Processed 346 GB.
Processed 347 GB.
Processed 348 GB.
Processed 349 GB.
Processed 350 GB.
Processed 351 GB.
Processed 352 GB.
Processed 353 GB.
Processed 354 GB.
Processed 355 GB.
Processed 356 GB.
Processed 357 GB.
Processed 358 GB.
Processed 359 GB.
Processed 360 GB.
Processed 361 GB.
Processed 362 GB.
Processed 363 GB.
Processed 364 GB.
Processed 365 GB.
Processed 366 GB.
Processed 367 GB.
Processed 368 GB.
Processed 369 GB.
Processed 370 GB.
Processed 371 GB.
Processed 372 GB.
Processed 373 GB.
Processed 374 GB.
Processed 375 GB.
Processed 376 GB.
Processed 377 GB.
Processed 378 GB.
Processed 379 GB.
Processed 380 GB.
Processed 381 GB.
Processed 382 GB.
Processed 383 GB.
Processed 384 GB.
Processed 385 GB.
Processed 386 GB.
Processed 387 GB.
Processed 388 GB.
Processed 389 GB.
Processed 390 GB.
Processed 391 GB.
Processed 392 GB.
Processed 393 GB.
Processed 394 GB.
Processed 395 GB.
Processed 396 GB.
Processed 397 GB.
Processed 398 GB.
Processed 399 GB.
Processed 400 GB.
Processed 401 GB.
Processed 402 GB.
Processed 403 GB.
Processed 404 GB.
Processed 405 GB.
Processed 406 GB.
Processed 407 GB.
Processed 408 GB.
Processed 409 GB.
Processed 410 GB.
Processed 411 GB.
Processed 412 GB.
Processed 413 GB.
Processed 414 GB.
Processed 415 GB.
Processed 416 GB.
Processed 417 GB.
Processed 418 GB.
Processed 419 GB.
Processed 420 GB.
Processed 421 GB.
Processed 422 GB.
Processed 423 GB.
Processed 424 GB.
Processed 425 GB.
Processed 426 GB.
Processed 427 GB.
Processed 428 GB.
Processed 429 GB.
Processed 430 GB.
Processed 431 GB.
Processed 432 GB.
Processed 433 GB.
Processed 434 GB.
Processed 435 GB.
Processed 436 GB.
Processed 437 GB.
Processed 438 GB.
Processed 439 GB.
Processed 440 GB.
Processed 441 GB.
Processed 442 GB.
Processed 443 GB.
Processed 444 GB.
Processed 445 GB.
Processed 446 GB.
Processed 447 GB.
Processed 448 GB.
Processed 449 GB.
Processed 450 GB.
Processed 451 GB.
Processed 452 GB.
Processed 453 GB.
Processed 454 GB.
Processed 455 GB.
Processed 456 GB.
Processed 457 GB.
Processed 458 GB.
Processed 459 GB.
Processed 460 GB.
Processed 461 GB.
Processed 462 GB.
Processed 463 GB.
Processed 464 GB.
Processed 465 GB.
Processed 466 GB.
Processed 467 GB.
Processed 468 GB.
Processed 469 GB.
Processed 470 GB.
Processed 471 GB.
Processed 472 GB.
Processed 473 GB.
Processed 474 GB.
Processed 475 GB.
Processed 476 GB.
Processed 477 GB.
Processed 478 GB.
Processed 479 GB.
Processed 480 GB.
Processed 481 GB.
Processed 482 GB.
Processed 483 GB.
Processed 484 GB.
Processed 485 GB.
Processed 486 GB.
Processed 487 GB.
Processed 488 GB.
Processed 489 GB.
Processed 490 GB.
Processed 491 GB.
Processed 492 GB.
Processed 493 GB.
Processed 494 GB.
Processed 495 GB.
Processed 496 GB.
Processed 497 GB.
Processed 498 GB.
Processed 499 GB.
Processed 500 GB.
Processed 501 GB.
Processed 502 GB.
Processed 503 GB.
Processed 504 GB.
Processed 505 GB.
Processed 506 GB.
Processed 507 GB.
Processed 508 GB.
Processed 509 GB.
Processed 510 GB.
Processed 511 GB.
Processed 512 GB.
Processed 513 GB.
Processed 514 GB.
Processed 515 GB.
Processed 516 GB.
Processed 517 GB.
Processed 518 GB.
Processed 519 GB.
Processed 520 GB.
Processed 521 GB.
Processed 522 GB.
Processed 523 GB.
Processed 524 GB.
Processed 525 GB.
Processed 526 GB.
Processed 527 GB.
Processed 528 GB.
Processed 529 GB.
Processed 530 GB.
Processed 531 GB.
Processed 532 GB.
Processed 533 GB.
Processed 534 GB.
Processed 535 GB.
Processed 536 GB.
Processed 537 GB.
Processed 538 GB.
Processed 539 GB.
Processed 540 GB.
Processed 541 GB.
Processed 542 GB.
Processed 543 GB.
Processed 544 GB.
Processed 545 GB.
Processed 546 GB.
Processed 547 GB.
Processed 548 GB.
Processed 549 GB.
Processed 550 GB.
Processed 551 GB.
Processed 552 GB.
Processed 553 GB.
Processed 554 GB.
Processed 555 GB.
Processed 556 GB.
Processed 557 GB.
Processed 558 GB.
Processed 559 GB.
Processed 560 GB.
Processed 561 GB.
Processed 562 GB.
Processed 563 GB.
Processed 564 GB.
Processed 565 GB.
Processed 566 GB.
Processed 567 GB.
Processed 568 GB.
Processed 569 GB.
Processed 570 GB.
Processed 571 GB.
Processed 572 GB.
Processed 573 GB.
Processed 574 GB.
Processed 575 GB.
Processed 576 GB.
Processed 577 GB.
Processed 578 GB.
Processed 579 GB.
Processed 580 GB.
Processed 581 GB.
Processed 582 GB.
Processed 583 GB.
Processed 584 GB.
Processed 585 GB.
Processed 586 GB.
Processed 587 GB.
Processed 588 GB.
Processed 589 GB.
Processed 590 GB.
Processed 591 GB.
Processed 592 GB.
Processed 593 GB.
Processed 594 GB.
Processed 595 GB.
Processed 596 GB.
Processed 597 GB.
Processed 598 GB.
Processed 599 GB.
Processed 600 GB.
Processed 601 GB.
Processed 602 GB.
Processed 603 GB.
Processed 604 GB.
Processed 605 GB.
Processed 606 GB.
Processed 607 GB.
Processed 608 GB.
Processed 609 GB.
Processed 610 GB.
Processed 611 GB.
Processed 612 GB.
Processed 613 GB.
Processed 614 GB.
Processed 615 GB.
Processed 616 GB.
Processed 617 GB.
Processed 618 GB.
Processed 619 GB.
Processed 620 GB.
Processed 621 GB.
Processed 622 GB.
Processed 623 GB.
Processed 624 GB.
Processed 625 GB.
Processed 626 GB.
Processed 627 GB.
Processed 628 GB.
Processed 629 GB.
Processed 630 GB.
Processed 631 GB.
Processed 632 GB.
Processed 633 GB.
Processed 634 GB.
Processed 635 GB.
Processed 636 GB.
Processed 637 GB.
Processed 638 GB.
Processed 639 GB.
Processed 640 GB.
Processed 641 GB.
Processed 642 GB.
Processed 643 GB.
Processed 644 GB.
Processed 645 GB.
Processed 646 GB.
Processed 647 GB.
Processed 648 GB.
Processed 649 GB.
Processed 650 GB.
Processed 651 GB.
Processed 652 GB.
Processed 653 GB.
Processed 654 GB.
Processed 655 GB.
Processed 656 GB.
Processed 657 GB.
Processed 658 GB.
Processed 659 GB.
Processed 660 GB.
Processed 661 GB.
Processed 662 GB.
Processed 663 GB.
Processed 664 GB.
Processed 665 GB.
Processed 666 GB.
Processed 667 GB.
Processed 668 GB.
Processed 669 GB.
Processed 670 GB.
Processed 671 GB.
Processed 672 GB.
Processed 673 GB.
Processed 674 GB.
Processed 675 GB.
Processed 676 GB.
Processed 677 GB.
Processed 678 GB.
Processed 679 GB.
Processed 680 GB.
Processed 681 GB.
Processed 682 GB.
Processed 683 GB.
Processed 684 GB.
Processed 685 GB.
Processed 686 GB.
Processed 687 GB.
Processed 688 GB.
Processed 689 GB.
Processed 690 GB.
Processed 691 GB.
Processed 692 GB.
Processed 693 GB.
Processed 694 GB.
Processed 695 GB.
Processed 696 GB.
Processed 697 GB.
Processed 698 GB.
Processed 699 GB.
Processed 700 GB.
Processed 701 GB.
Processed 702 GB.
Processed 703 GB.
Processed 704 GB.
Processed 705 GB.
Processed 706 GB.
Processed 707 GB.
Processed 708 GB.
Processed 709 GB.
Processed 710 GB.
Processed 711 GB.
Processed 712 GB.
Processed 713 GB.
Processed 714 GB.
Processed 715 GB.
Processed 716 GB.
Processed 717 GB.
Processed 718 GB.
Processed 719 GB.
Processed 720 GB.
Processed 721 GB.
Processed 722 GB.
Processed 723 GB.
Processed 724 GB.
Processed 725 GB.
Processed 726 GB.
Processed 727 GB.
Processed 728 GB.
Processed 729 GB.
Processed 730 GB.
Processed 731 GB.
Processed 732 GB.
Processed 733 GB.
Processed 734 GB.
Processed 735 GB.
Processed 736 GB.
Processed 737 GB.
Processed 738 GB.
Processed 739 GB.
Processed 740 GB.
Processed 741 GB.
Processed 742 GB.
Processed 743 GB.
Processed 744 GB.
Processed 745 GB.
Processed 746 GB.
Processed 747 GB.
Processed 748 GB.
Processed 749 GB.
Processed 750 GB.
Processed 751 GB.
Processed 752 GB.
Processed 753 GB.
Processed 754 GB.
Processed 755 GB.
Processed 756 GB.
Processed 757 GB.
Processed 758 GB.
Processed 759 GB.
Processed 760 GB.
Processed 761 GB.
Processed 762 GB.
Processed 763 GB.
Processed 764 GB.
Processed 765 GB.
Processed 766 GB.
Processed 767 GB.
Processed 768 GB.
Processed 769 GB.
Processed 770 GB.
Processed 771 GB.
Processed 772 GB.
Processed 773 GB.
Processed 774 GB.
Processed 775 GB.
Processed 776 GB.
Processed 777 GB.
Processed 778 GB.
Processed 779 GB.
Processed 780 GB.
Processed 781 GB.
Processed 782 GB.
Processed 783 GB.
Processed 784 GB.
Processed 785 GB.
Processed 786 GB.
Processed 787 GB.
Processed 788 GB.
Processed 789 GB.
Processed 790 GB.
Processed 791 GB.
Processed 792 GB.
Processed 793 GB.
Processed 794 GB.
Processed 795 GB.
Processed 796 GB.
Processed 797 GB.
Processed 798 GB.
Processed 799 GB.
Processed 800 GB.
Processed 801 GB.
Processed 802 GB.
Processed 803 GB.
Processed 804 GB.
Processed 805 GB.
Processed 806 GB.
Processed 807 GB.
Processed 808 GB.
Processed 809 GB.
Processed 810 GB.
Processed 811 GB.
Processed 812 GB.
Processed 813 GB.
Processed 814 GB.
Processed 815 GB.
Processed 816 GB.
Processed 817 GB.
Processed 818 GB.
Processed 819 GB.
Processed 820 GB.
Processed 821 GB.
Processed 822 GB.
Processed 823 GB.
Processed 824 GB.
Processed 825 GB.
Processed 826 GB.
Processed 827 GB.
Processed 828 GB.
Processed 829 GB.
Processed 830 GB.
Processed 831 GB.
Processed 832 GB.
Processed 833 GB.
Processed 834 GB.
Processed 835 GB.
Processed 836 GB.
Processed 837 GB.
Processed 838 GB.
Processed 839 GB.
Processed 840 GB.
Processed 841 GB.
Processed 842 GB.
Processed 843 GB.
Processed 844 GB.
Processed 845 GB.
Processed 846 GB.
Processed 847 GB.
Processed 848 GB.
Processed 849 GB.
Processed 850 GB.
Processed 851 GB.
Processed 852 GB.
Processed 853 GB.
Processed 854 GB.
Processed 855 GB.
Processed 856 GB.
Processed 857 GB.
Processed 858 GB.
Processed 859 GB.
Processed 860 GB.
Processed 861 GB.
Processed 862 GB.
Processed 863 GB.
Processed 864 GB.
Processed 865 GB.
Processed 866 GB.
Processed 867 GB.
Processed 868 GB.
Processed 869 GB.
Processed 870 GB.
Processed 871 GB.
Processed 872 GB.
Processed 873 GB.
Processed 874 GB.
Processed 875 GB.
Processed 876 GB.
Processed 877 GB.
Processed 878 GB.
Processed 879 GB.
Processed 880 GB.
Processed 881 GB.
Processed 882 GB.
Processed 883 GB.
Processed 884 GB.
Processed 885 GB.
Processed 886 GB.
Processed 887 GB.
Processed 888 GB.
Processed 889 GB.
Processed 890 GB.
Processed 891 GB.
Processed 892 GB.
Processed 893 GB.
Processed 894 GB.
Processed 895 GB.
Processed 896 GB.
Processed 897 GB.
Processed 898 GB.
Processed 899 GB.
Processed 900 GB.
Processed 901 GB.
Processed 902 GB.
Processed 903 GB.
Processed 904 GB.
Processed 905 GB.
Processed 906 GB.
Processed 907 GB.
Processed 908 GB.
Processed 909 GB.
Processed 910 GB.
Processed 911 GB.
Processed 912 GB.
Processed 913 GB.
Processed 914 GB.
Processed 915 GB.
Processed 916 GB.
Processed 917 GB.
Processed 918 GB.
Processed 919 GB.
Processed 920 GB.
Processed 921 GB.
Processed 922 GB.
Processed 923 GB.
Processed 924 GB.
Processed 925 GB.
Processed 926 GB.
Processed 927 GB.
Processed 928 GB.
Processed 929 GB.
Processed 930 GB.
Processed 931 GB.
Processed 932 GB.
Processed 933 GB.
Processed 934 GB.
Processed 935 GB.
Processed 936 GB.
Processed 937 GB.
Processed 938 GB.
Processed 939 GB.
Processed 940 GB.
Processed 941 GB.
Processed 942 GB.
Processed 943 GB.
Processed 944 GB.
Processed 945 GB.
Processed 946 GB.
Processed 947 GB.
Processed 948 GB.
Processed 949 GB.
Processed 950 GB.
Processed 951 GB.
Processed 952 GB.
Processed 953 GB.
Processed 954 GB.
Processed 955 GB.
Processed 956 GB.
Processed 957 GB.
Processed 958 GB.
Processed 959 GB.
Processed 960 GB.
Processed 961 GB.
Processed 962 GB.
Processed 963 GB.
Processed 964 GB.
Processed 965 GB.
Processed 966 GB.
Processed 967 GB.
Processed 968 GB.
Processed 969 GB.
Processed 970 GB.
Processed 971 GB.
Processed 972 GB.
Processed 973 GB.
Processed 974 GB.
Processed 975 GB.
Processed 976 GB.
Processed 977 GB.
Processed 978 GB.
Processed 979 GB.
Processed 980 GB.
Processed 981 GB.
Processed 982 GB.
Processed 983 GB.
Processed 984 GB.
Processed 985 GB.
Processed 986 GB.
Processed 987 GB.
Processed 988 GB.
Processed 989 GB.
Processed 990 GB.
Processed 991 GB.
Processed 992 GB.
Processed 993 GB.
Processed 994 GB.
Processed 995 GB.
Processed 996 GB.
Processed 997 GB.
Processed 998 GB.
Processed 999 GB.
Processed 1000 GB.
Processed 1001 GB.
Processed 1002 GB.
Processed 1003 GB.
Processed 1004 GB.
Processed 1005 GB.
Processed 1006 GB.
Processed 1007 GB.
Processed 1008 GB.
Processed 1009 GB.
Processed 1010 GB.
Processed 1011 GB.
Processed 1012 GB.
Processed 1013 GB.
Processed 1014 GB.
Processed 1015 GB.
Processed 1016 GB.
Processed 1017 GB.
Processed 1018 GB.
Processed 1019 GB.
Processed 1020 GB.
Processed 1021 GB.
Processed 1022 GB.
Processed 1023 GB.
Processed 1024 GB.
